0 info it worked if it ends with ok
1 verbose cli [ 'node', '/usr/local/bin/npm', 'stop' ]
2 info using npm@1.4.3
3 info using node@v0.10.26
4 verbose run-script [ 'prestop', 'stop', 'poststop' ]
5 info prestop cpco7karaoke@0.0.0
6 info stop cpco7karaoke@0.0.0
7 verbose unsafe-perm in lifecycle true
8 info cpco7karaoke@0.0.0 Failed to exec stop script
9 error cpco7karaoke@0.0.0 stop: `forever stop server.js`
9 error Exit status 1
10 error Failed at the cpco7karaoke@0.0.0 stop script.
10 error This is most likely a problem with the cpco7karaoke package,
10 error not with npm itself.
10 error Tell the author that this fails on your system:
10 error     forever stop server.js
10 error You can get their info via:
10 error     npm owner ls cpco7karaoke
10 error There is likely additional logging output above.
11 error System Darwin 13.2.0
12 error command "node" "/usr/local/bin/npm" "stop"
13 error cwd /Users/SebastianOsorio/Documents/Desarrollo/bool inc..inc/cpco7karaoke
14 error node -v v0.10.26
15 error npm -v 1.4.3
16 error code ELIFECYCLE
17 verbose exit [ 1, true ]
